
R version 3.1.1 (2014-07-10) -- "Sock it to Me"
Copyright (C) 2014 The R Foundation for Statistical Computing
Platform: x86_64-pc-linux-gnu (64-bit)

R is free software and comes with ABSOLUTELY NO WARRANTY.
You are welcome to redistribute it under certain conditions.
Type 'license()' or 'licence()' for distribution details.

  Natural language support but running in an English locale

R is a collaborative project with many contributors.
Type 'contributors()' for more information and
'citation()' on how to cite R or R packages in publications.

Type 'demo()' for some demos, 'help()' for on-line help, or
'help.start()' for an HTML browser interface to help.
Type 'q()' to quit R.

> library(ggplot2)
> #data<-read.csv('ad_price_ad_level.csv')
> data<-read.csv('temp.csv')
> data.ns <-subset(data, spam=='False')
> ggplot(data=data.ns, aes(x=price_per_hour)) + geom_density() + scale_x_log10()
> ggsave('overall_prices.png')
> ggplot(data=subset(data,spam=="False"), aes(x=price_per_hour)) + geom_density(adjust=2) + scale_x_log10()
> ggsave('overall_prices_no_spam.png')
> ggplot(data=data.ns, aes(x=price_per_hour)) + geom_density(aes(colour=census_msa_code)) + scale_x_log10()
> # Need to grab MSA names as well
> ggsave('prices_by_msa.png', width=21, height=21)
> 
> ggplot(data=data, aes(x=price_per_hour)) + geom_density(aes(colour=spam)) + scale_x_log10()
> ggsave('prices_by_spam.png')
> 
> #ggplot(data=subset(data,cluster_count < 200), aes(y=price_per_hour)) + geom_violin(aes(x=factor(cluster_count)))
> ggplot(data=subset(data.ns,cluster_count < 200 & cluster_count > 4), aes(x=cluster_count, y=price_per_hour)) + stat_density2d(geom="tile", aes(fill = ..density..), contour = FALSE) + scale_fill_gradient(limits=c(5e-7,1e-2)) + scale_y_log10()
> ggsave('prices_by_entity_size.png')
> ks<-ks.test(data[data$spam=="True","price_per_hour"], data[data$spam=="False","price_per_hour"])      
> print(ks)

	Two-sample Kolmogorov-Smirnov test

data:  data[data$spam == "True", "price_per_hour"] and data[data$spam == "False", "price_per_hour"]
D = 0.0947, p-value < 2.2e-16
alternative hypothesis: two-sided

> 
> nl<-c('Portland-Vancouver-Hillsboro, OR-WA MSA','Riverside-San Bernardino-Ontario, CA MSA','Houston-The Woodlands-Sugar Land, TX MSA','Sumter, SC MSA')
> ggplot(data=subset(data.ns,msa %in% nl), aes(x=price_per_hour)) + geom_density(aes(colour=msa), adjust=2) + scale_x_log10()
> ggsave('price_by_msa_sub.png')
> 
> nl<-c('Riverside-San Bernardino-Ontario, CA MSA','Houston-The Woodlands-Sugar Land, TX MSA','Sumter, SC MSA')
> data.ns$is_massage_parlor_ad<-as.factor(data.ns$is_massage_parlor_ad)
> ggplot(data=subset(data.ns,msa %in% nl), aes(x=price_per_hour)) + geom_density(aes(colour=msa, linetype=is_massage_parlor_ad), adjust=3) + scale_x_log10()
> ggsave('price_by_msa_and_massage_sub.png')
> 
